<?xml version="1.0" encoding="UTF-8"?>
<!-- Generated by org.testng.reporters.JUnitXMLReporter -->
<testsuite ignored="0" hostname="DESKTOP-U079FS1" failures="1" tests="3" name="Error Validation Test" time="36.395" errors="0" timestamp="2024-08-13T13:45:23 IST">
  <testcase classname="rahulshettyacademy.tests.ErrorValidationstest" name="LoginErrorValidations" time="1.756">
    <skipped/>
  </testcase> <!-- LoginErrorValidations -->
  <testcase classname="rahulshettyacademy.tests.ErrorValidationstest" name="LoginErrorValidations" time="1.225">
    <failure type="java.lang.AssertionError" message="expected:&amp;lt;Incorrect email or password.&amp;gt; but was:&amp;lt;Incorrect email  password.&amp;gt;">
      <![CDATA[java.lang.AssertionError: expected:<Incorrect email or password.> but was:<Incorrect email  password.>
at rahulshettyacademy.tests.ErrorValidationstest.LoginErrorValidations(ErrorValidationstest.java:47)
at java.base/java.util.ArrayList.forEach(ArrayList.java:1596)
at java.base/java.util.concurrent.FutureTask.run(FutureTask.java:317)
at java.base/java.util.concurrent.ThreadPoolExecutor.runWorker(ThreadPoolExecutor.java:1144)
at java.base/java.util.concurrent.ThreadPoolExecutor$Worker.run(ThreadPoolExecutor.java:642)
at java.base/java.lang.Thread.run(Thread.java:1583)
... Removed 17 stack frames]]>
    </failure>
  </testcase> <!-- LoginErrorValidations -->
  <testcase classname="rahulshettyacademy.tests.ErrorValidationstest" name="ProductErrorValidation" time="23.914"/>
</testsuite> <!-- Error Validation Test -->
