<?xml version="1.0" encoding="UTF-8"?>
<!-- Generated by org.testng.reporters.JUnitXMLReporter -->
<testsuite ignored="0" hostname="DESKTOP-U079FS1" failures="0" tests="3" name="Submit Order Test" time="39.844" errors="0" timestamp="2024-08-13T13:45:26 IST">
  <testcase classname="rahulshettyacademy.tests.SubmitOrdertest" name="submitOrder" time="14.627"/>
  <testcase classname="rahulshettyacademy.tests.SubmitOrdertest" name="submitOrder" time="14.552"/>
  <testcase classname="rahulshettyacademy.tests.SubmitOrdertest" name="OrderHistoryTest" time="1.051"/>
</testsuite> <!-- Submit Order Test -->
